  main.c
  UI.c
c:\users\가희\desktop\백정규\shopping_mall\ui.c(140): warning C4473: 'scanf_s': 서식 문자열에 대한 인수가 충분하게 전달되지 않았습니다.
  c:\users\가희\desktop\백정규\shopping_mall\ui.c(140): note: 자리 표시자 및 해당 매개 변수에는 variadic 인수가 2개 필요하지만 1개가 제공되었습니다.
  c:\users\가희\desktop\백정규\shopping_mall\ui.c(140): note: 누락된 variadic 인수 2이(가) 서식 문자열 '%s'에 필요합니다.
  c:\users\가희\desktop\백정규\shopping_mall\ui.c(140): note: 이 인수는 버퍼 크기로 사용됩니다.
  DB.c
c:\users\가희\desktop\백정규\shopping_mall\db.c(71): warning C4267: '=': 'size_t'에서 'int'(으)로 변환하면서 데이터가 손실될 수 있습니다.
c:\users\가희\desktop\백정규\shopping_mall\db.c(76): warning C4267: '=': 'size_t'에서 'int'(으)로 변환하면서 데이터가 손실될 수 있습니다.
c:\users\가희\desktop\백정규\shopping_mall\db.c(89): warning C4267: '=': 'size_t'에서 'int'(으)로 변환하면서 데이터가 손실될 수 있습니다.
c:\users\가희\desktop\백정규\shopping_mall\db.c(74): warning C4477: 'scanf_s' : 서식 문자열 '%s'에 'unsigned int' 형식의 인수가 필요하지만 variadic 인수 2의 형식이 'size_t'입니다.
  c:\users\가희\desktop\백정규\shopping_mall\db.c(74): note: 이 인수는 버퍼 크기로 사용됩니다.
c:\users\가희\desktop\백정규\shopping_mall\db.c(87): warning C4477: 'scanf_s' : 서식 문자열 '%s'에 'unsigned int' 형식의 인수가 필요하지만 variadic 인수 2의 형식이 'size_t'입니다.
  c:\users\가희\desktop\백정규\shopping_mall\db.c(87): note: 이 인수는 버퍼 크기로 사용됩니다.
c:\users\가희\desktop\백정규\shopping_mall\db.c(110): warning C4267: '=': 'size_t'에서 'int'(으)로 변환하면서 데이터가 손실될 수 있습니다.
c:\users\가희\desktop\백정규\shopping_mall\db.c(111): warning C4267: '=': 'size_t'에서 'int'(으)로 변환하면서 데이터가 손실될 수 있습니다.
c:\users\가희\desktop\백정규\shopping_mall\db.c(132): warning C4267: '=': 'size_t'에서 'int'(으)로 변환하면서 데이터가 손실될 수 있습니다.
c:\users\가희\desktop\백정규\shopping_mall\db.c(133): warning C4267: '=': 'size_t'에서 'int'(으)로 변환하면서 데이터가 손실될 수 있습니다.
c:\users\가희\desktop\백정규\shopping_mall\db.c(162): warning C4047: 'return': 'char *'의 간접 참조 수준이 'int'과(와) 다릅니다.
c:\users\가희\desktop\백정규\shopping_mall\db.c(181): warning C4267: '=': 'size_t'에서 'int'(으)로 변환하면서 데이터가 손실될 수 있습니다.
c:\users\가희\desktop\백정규\shopping_mall\db.c(182): warning C4267: '=': 'size_t'에서 'int'(으)로 변환하면서 데이터가 손실될 수 있습니다.
c:\users\가희\desktop\백정규\shopping_mall\db.c(192): warning C4047: 'return': 'char *'의 간접 참조 수준이 'int'과(와) 다릅니다.
c:\users\가희\desktop\백정규\shopping_mall\db.c(159): warning C4477: 'scanf_s' : 서식 문자열 '%s'에 'unsigned int' 형식의 인수가 필요하지만 variadic 인수 2의 형식이 'size_t'입니다.
  c:\users\가희\desktop\백정규\shopping_mall\db.c(159): note: 이 인수는 버퍼 크기로 사용됩니다.
c:\users\가희\desktop\백정규\shopping_mall\db.c(179): warning C4477: 'scanf_s' : 서식 문자열 '%s'에 'unsigned int' 형식의 인수가 필요하지만 variadic 인수 2의 형식이 'size_t'입니다.
  c:\users\가희\desktop\백정규\shopping_mall\db.c(179): note: 이 인수는 버퍼 크기로 사용됩니다.
c:\users\가희\desktop\백정규\shopping_mall\db.c(233): warning C4267: '=': 'size_t'에서 'int'(으)로 변환하면서 데이터가 손실될 수 있습니다.
c:\users\가희\desktop\백정규\shopping_mall\db.c(234): warning C4267: '=': 'size_t'에서 'int'(으)로 변환하면서 데이터가 손실될 수 있습니다.
c:\users\가희\desktop\백정규\shopping_mall\db.c(255): warning C4267: '=': 'size_t'에서 'int'(으)로 변환하면서 데이터가 손실될 수 있습니다.
c:\users\가희\desktop\백정규\shopping_mall\db.c(256): warning C4267: '=': 'size_t'에서 'int'(으)로 변환하면서 데이터가 손실될 수 있습니다.
c:\users\가희\desktop\백정규\shopping_mall\db.c(277): warning C4267: '=': 'size_t'에서 'int'(으)로 변환하면서 데이터가 손실될 수 있습니다.
c:\users\가희\desktop\백정규\shopping_mall\db.c(278): warning C4267: '=': 'size_t'에서 'int'(으)로 변환하면서 데이터가 손실될 수 있습니다.
c:\users\가희\desktop\백정규\shopping_mall\db.c(320): warning C4267: '=': 'size_t'에서 'int'(으)로 변환하면서 데이터가 손실될 수 있습니다.
c:\users\가희\desktop\백정규\shopping_mall\db.c(321): warning C4267: '=': 'size_t'에서 'int'(으)로 변환하면서 데이터가 손실될 수 있습니다.
c:\users\가희\desktop\백정규\shopping_mall\db.c(322): warning C4267: '=': 'size_t'에서 'int'(으)로 변환하면서 데이터가 손실될 수 있습니다.
c:\users\가희\desktop\백정규\shopping_mall\db.c(328): warning C4267: '=': 'size_t'에서 'int'(으)로 변환하면서 데이터가 손실될 수 있습니다.
c:\users\가희\desktop\백정규\shopping_mall\db.c(329): warning C4267: '=': 'size_t'에서 'int'(으)로 변환하면서 데이터가 손실될 수 있습니다.
c:\users\가희\desktop\백정규\shopping_mall\db.c(347): warning C4267: '=': 'size_t'에서 'int'(으)로 변환하면서 데이터가 손실될 수 있습니다.
c:\users\가희\desktop\백정규\shopping_mall\db.c(318): warning C4477: 'scanf_s' : 서식 문자열 '%s'에 'unsigned int' 형식의 인수가 필요하지만 variadic 인수 2의 형식이 'size_t'입니다.
  c:\users\가희\desktop\백정규\shopping_mall\db.c(318): note: 이 인수는 버퍼 크기로 사용됩니다.
c:\users\가희\desktop\백정규\shopping_mall\db.c(374): warning C4267: '=': 'size_t'에서 'int'(으)로 변환하면서 데이터가 손실될 수 있습니다.
c:\users\가희\desktop\백정규\shopping_mall\db.c(375): warning C4267: '=': 'size_t'에서 'int'(으)로 변환하면서 데이터가 손실될 수 있습니다.
c:\users\가희\desktop\백정규\shopping_mall\db.c(384): warning C4267: '=': 'size_t'에서 'int'(으)로 변환하면서 데이터가 손실될 수 있습니다.
  코드를 생성하고 있습니다...
c:\users\가희\desktop\백정규\shopping_mall\db.c(64): warning C4716: 'membership': 값을 반환해야 합니다.
c:\users\가희\desktop\백정규\shopping_mall\db.c(104): warning C4715: 'member_user': 모든 제어 경로에서 값을 반환하지는 않습니다.
c:\users\가희\desktop\백정규\shopping_mall\db.c(148): warning C4715: 'member_point': 모든 제어 경로에서 값을 반환하지는 않습니다.
c:\users\가희\desktop\백정규\shopping_mall\db.c(126): warning C4715: 'member_cash': 모든 제어 경로에서 값을 반환하지는 않습니다.
c:\users\가희\desktop\백정규\shopping_mall\db.c(226): warning C4716: 'member_leaveDB': 값을 반환해야 합니다.
c:\users\가희\desktop\백정규\shopping_mall\db.c(248): warning C4715: 'member_leaveDB_user': 모든 제어 경로에서 값을 반환하지는 않습니다.
c:\users\가희\desktop\백정규\shopping_mall\db.c(270): warning C4715: 'member_leaveDB_cash': 모든 제어 경로에서 값을 반환하지는 않습니다.
c:\users\가희\desktop\백정규\shopping_mall\db.c(292): warning C4715: 'member_leaveDB_point': 모든 제어 경로에서 값을 반환하지는 않습니다.
c:\users\가희\desktop\백정규\shopping_mall\db.c(367): warning C4715: 'charge_cashDB': 모든 제어 경로에서 값을 반환하지는 않습니다.
c:\users\가희\desktop\백정규\shopping_mall\db.c(415): warning C4715: 'check_cash_point': 모든 제어 경로에서 값을 반환하지는 않습니다.
c:\users\가희\desktop\백정규\shopping_mall\db.c(432): warning C4716: 'menuDB': 값을 반환해야 합니다.
c:\users\가희\desktop\백정규\shopping_mall\db.c(449): warning C4715: 'menu_meatDB': 모든 제어 경로에서 값을 반환하지는 않습니다.
c:\users\가희\desktop\백정규\shopping_mall\db.c(483): warning C4715: 'menu_vegetableDB': 모든 제어 경로에서 값을 반환하지는 않습니다.
c:\users\가희\desktop\백정규\shopping_mall\db.c(500): warning C4715: 'menu_fish': 모든 제어 경로에서 값을 반환하지는 않습니다.
c:\users\가희\desktop\백정규\shopping_mall\db.c(466): warning C4715: 'menu_fruitsDB': 모든 제어 경로에서 값을 반환하지는 않습니다.
  shopping_mall.vcxproj -> C:\Users\가희\Desktop\백정규\shopping_mall\x64\Debug\shopping_mall.exe
